C:\USERS\BRANDEN HOWARD\DROPBOX\GAME (1)\GAME\RELEASE\AI.OBJ
C:\USERS\BRANDEN HOWARD\DROPBOX\GAME (1)\GAME\RELEASE\BMP.OBJ
C:\Users\Branden Howard\Dropbox\Game (1)\Game\Release\cl.command.1.tlog
C:\Users\Branden Howard\Dropbox\Game (1)\Game\Release\CL.read.1.tlog
C:\Users\Branden Howard\Dropbox\Game (1)\Game\Release\CL.write.1.tlog
C:\USERS\BRANDEN HOWARD\DROPBOX\GAME (1)\GAME\RELEASE\COLLISION.OBJ
C:\USERS\BRANDEN HOWARD\DROPBOX\GAME (1)\GAME\RELEASE\DEBUGCONSOLE.OBJ
C:\USERS\BRANDEN HOWARD\DROPBOX\GAME (1)\GAME\RELEASE\DOODS.OBJ
C:\USERS\BRANDEN HOWARD\DROPBOX\GAME (1)\GAME\RELEASE\GRAPHICS.OBJ
C:\USERS\BRANDEN HOWARD\DROPBOX\GAME (1)\GAME\RELEASE\INPUT.OBJ
C:\Users\Branden Howard\Dropbox\Game (1)\Game\Release\link.command.1.tlog
C:\Users\Branden Howard\Dropbox\Game (1)\Game\Release\link.read.1.tlog
C:\Users\Branden Howard\Dropbox\Game (1)\Game\Release\link.write.1.tlog
C:\USERS\BRANDEN HOWARD\DROPBOX\GAME (1)\GAME\RELEASE\MAIN.OBJ
C:\USERS\BRANDEN HOWARD\DROPBOX\GAME (1)\GAME\RELEASE\OBJECT.OBJ
C:\USERS\BRANDEN HOWARD\DROPBOX\GAME (1)\GAME\RELEASE\PHYSICS.OBJ
C:\USERS\BRANDEN HOWARD\DROPBOX\GAME (1)\GAME\RELEASE\PLAYER.OBJ
C:\USERS\BRANDEN HOWARD\DROPBOX\GAME (1)\GAME\RELEASE\POINT.OBJ
C:\USERS\BRANDEN HOWARD\DROPBOX\GAME (1)\GAME\RELEASE\REGION.OBJ
C:\USERS\BRANDEN HOWARD\DROPBOX\GAME (1)\GAME\RELEASE\VC100.PDB
C:\USERS\BRANDEN HOWARD\DROPBOX\GAME (1)\GAME\RELEASE\VECTOR.OBJ
C:\USERS\BRANDEN HOWARD\DROPBOX\GAME (1)\GAME\RELEASE\WEAPON.OBJ
C:\USERS\BRANDEN HOWARD\DROPBOX\GAME (1)\GAME\RELEASE\WNDPROC.OBJ
