Build started 2/4/2014 10:57:04 PM.
     1>Project "C:\Users\Branden Howard\Dropbox\Game (1)\Game\Game.vcxproj" on node 2 (build target(s)).
     1>InitializeBuildStatus:
         Creating "Debug\Game.unsuccessfulbuild" because "AlwaysCreate" was specified.
       ClCompile:
         c:\Program Files (x86)\Microsoft Visual Studio 10.0\VC\bin\CL.exe /c /ZI /nologo /W3 /WX- /Od /Oy- /D _MBCS /Gm /EHsc /RTC1 /MDd /GS /fp:precise /Zc:wchar_t /Zc:forScope /Fo"Debug\\" /Fd"Debug\vc100.pdb" /Gd /TP /analyze- /errorReport:prompt Graphics.cpp
         Graphics.cpp
     1>c:\users\branden howard\dropbox\game (1)\game\graphics.cpp(280): warning C4244: '=' : conversion from 'int' to 'GLfloat', possible loss of data
     1>c:\users\branden howard\dropbox\game (1)\game\graphics.cpp(281): warning C4244: '=' : conversion from 'int' to 'GLfloat', possible loss of data
     1>c:\users\branden howard\dropbox\game (1)\game\graphics.cpp(345): warning C4305: 'argument' : truncation from 'double' to 'GLfloat'
     1>c:\users\branden howard\dropbox\game (1)\game\graphics.cpp(346): warning C4305: 'argument' : truncation from 'double' to 'GLfloat'
     1>c:\users\branden howard\dropbox\game (1)\game\graphics.cpp(347): warning C4305: 'argument' : truncation from 'double' to 'GLfloat'
     1>c:\users\branden howard\dropbox\game (1)\game\graphics.cpp(348): warning C4305: 'argument' : truncation from 'double' to 'GLfloat'
     1>c:\users\branden howard\dropbox\game (1)\game\graphics.cpp(359): warning C4305: 'argument' : truncation from 'double' to 'GLfloat'
     1>c:\users\branden howard\dropbox\game (1)\game\graphics.cpp(360): warning C4305: 'argument' : truncation from 'double' to 'GLfloat'
     1>c:\users\branden howard\dropbox\game (1)\game\graphics.cpp(361): warning C4305: 'argument' : truncation from 'double' to 'GLfloat'
     1>c:\users\branden howard\dropbox\game (1)\game\graphics.cpp(362): warning C4305: 'argument' : truncation from 'double' to 'GLfloat'
     1>c:\users\branden howard\dropbox\game (1)\game\graphics.cpp(373): warning C4305: 'argument' : truncation from 'double' to 'GLfloat'
     1>c:\users\branden howard\dropbox\game (1)\game\graphics.cpp(374): warning C4305: 'argument' : truncation from 'double' to 'GLfloat'
     1>c:\users\branden howard\dropbox\game (1)\game\graphics.cpp(375): warning C4305: 'argument' : truncation from 'double' to 'GLfloat'
     1>c:\users\branden howard\dropbox\game (1)\game\graphics.cpp(376): warning C4305: 'argument' : truncation from 'double' to 'GLfloat'
     1>c:\users\branden howard\dropbox\game (1)\game\graphics.cpp(387): warning C4305: 'argument' : truncation from 'double' to 'GLfloat'
     1>c:\users\branden howard\dropbox\game (1)\game\graphics.cpp(388): warning C4305: 'argument' : truncation from 'double' to 'GLfloat'
     1>c:\users\branden howard\dropbox\game (1)\game\graphics.cpp(389): warning C4305: 'argument' : truncation from 'double' to 'GLfloat'
     1>c:\users\branden howard\dropbox\game (1)\game\graphics.cpp(390): warning C4305: 'argument' : truncation from 'double' to 'GLfloat'
     1>c:\users\branden howard\dropbox\game (1)\game\graphics.cpp(447): warning C4305: 'argument' : truncation from 'double' to 'GLfloat'
     1>c:\users\branden howard\dropbox\game (1)\game\graphics.cpp(448): warning C4244: 'argument' : conversion from 'double' to 'GLfloat', possible loss of data
     1>c:\users\branden howard\dropbox\game (1)\game\graphics.cpp(449): warning C4244: 'argument' : conversion from 'double' to 'GLfloat', possible loss of data
     1>c:\users\branden howard\dropbox\game (1)\game\graphics.cpp(450): warning C4244: 'argument' : conversion from 'double' to 'GLfloat', possible loss of data
     1>c:\users\branden howard\dropbox\game (1)\game\graphics.cpp(451): warning C4244: 'argument' : conversion from 'double' to 'GLfloat', possible loss of data
     1>c:\users\branden howard\dropbox\game (1)\game\graphics.cpp(460): warning C4305: 'argument' : truncation from 'double' to 'GLfloat'
     1>c:\users\branden howard\dropbox\game (1)\game\graphics.cpp(461): warning C4244: 'argument' : conversion from 'double' to 'GLfloat', possible loss of data
     1>c:\users\branden howard\dropbox\game (1)\game\graphics.cpp(462): warning C4244: 'argument' : conversion from 'double' to 'GLfloat', possible loss of data
     1>c:\users\branden howard\dropbox\game (1)\game\graphics.cpp(463): warning C4244: 'argument' : conversion from 'double' to 'GLfloat', possible loss of data
     1>c:\users\branden howard\dropbox\game (1)\game\graphics.cpp(464): warning C4244: 'argument' : conversion from 'double' to 'GLfloat', possible loss of data
       Link:
         c:\Program Files (x86)\Microsoft Visual Studio 10.0\VC\bin\link.exe /ERRORREPORT:PROMPT /OUT:"C:\Users\Branden Howard\Dropbox\Game (1)\Debug\Game.exe" /NOLOGO SOIL.lib kernel32.lib user32.lib gdi32.lib winspool.lib comdlg32.lib advapi32.lib shell32.lib ole32.lib oleaut32.lib uuid.lib odbc32.lib odbccp32.lib /MANIFEST /ManifestFile:"Debug\Game.exe.intermediate.manifest" /MANIFESTUAC:"level='asInvoker' uiAccess='false'" /DEBUG /PDB:"C:\Users\Branden Howard\Dropbox\Game (1)\Debug\Game.pdb" /TLBID:1 /DYNAMICBASE /NXCOMPAT /IMPLIB:"C:\Users\Branden Howard\Dropbox\Game (1)\Debug\Game.lib" /MACHINE:X86 Debug\AI.obj
         Debug\BMP.obj
         Debug\Collision.obj
         Debug\DebugConsole.obj
         Debug\Doods.obj
         Debug\Graphics.obj
         Debug\Input.obj
         Debug\Main.obj
         Debug\Object.obj
         Debug\Physics.obj
         Debug\Player.obj
         Debug\Point.obj
         Debug\Region.obj
         Debug\Vector.obj
         Debug\Weapon.obj
         Debug\WndProc.obj
         LINK : C:\Users\Branden Howard\Dropbox\Game (1)\Debug\Game.exe not found or not built by the last incremental link; performing full link
         Game.vcxproj -> C:\Users\Branden Howard\Dropbox\Game (1)\Debug\Game.exe
       Manifest:
         C:\Program Files (x86)\Microsoft SDKs\Windows\v7.0A\bin\mt.exe /nologo /verbose /outputresource:"C:\Users\Branden Howard\Dropbox\Game (1)\Debug\Game.exe;#1" /manifest Debug\Game.exe.intermediate.manifest
       FinalizeBuildStatus:
         Deleting file "Debug\Game.unsuccessfulbuild".
         Touching "Debug\Game.lastbuildstate".
     1>Done Building Project "C:\Users\Branden Howard\Dropbox\Game (1)\Game\Game.vcxproj" (build target(s)).

Build succeeded.

Time Elapsed 00:00:01.18
