Build started 12/16/2013 12:22:40 PM.
     1>Project "C:\Users\PunkPanda\Dropbox\Game (1)\Game\Game.vcxproj" on node 2 (build target(s)).
     1>InitializeBuildStatus:
         Creating "Debug\Game.unsuccessfulbuild" because "AlwaysCreate" was specified.
       ClCompile:
         c:\Program Files (x86)\Microsoft Visual Studio 10.0\VC\bin\CL.exe /c /ZI /nologo /W3 /WX- /Od /Oy- /D _MBCS /Gm /EHsc /RTC1 /MDd /GS /fp:precise /Zc:wchar_t /Zc:forScope /Fo"Debug\\" /Fd"Debug\vc100.pdb" /Gd /TP /analyze- /errorReport:prompt Region.cpp
         Region.cpp
       Link:
         c:\Program Files (x86)\Microsoft Visual Studio 10.0\VC\bin\link.exe /ERRORREPORT:PROMPT /OUT:"C:\Users\PunkPanda\Dropbox\Game (1)\Debug\Game.exe" /NOLOGO SOIL.lib kernel32.lib user32.lib gdi32.lib winspool.lib comdlg32.lib advapi32.lib shell32.lib ole32.lib oleaut32.lib uuid.lib odbc32.lib odbccp32.lib /MANIFEST /ManifestFile:"Debug\Game.exe.intermediate.manifest" /MANIFESTUAC:"level='asInvoker' uiAccess='false'" /DEBUG /PDB:"C:\Users\PunkPanda\Dropbox\Game (1)\Debug\Game.pdb" /TLBID:1 /DYNAMICBASE /NXCOMPAT /IMPLIB:"C:\Users\PunkPanda\Dropbox\Game (1)\Debug\Game.lib" /MACHINE:X86 Debug\AI.obj
         Debug\BMP.obj
         Debug\Collision.obj
         Debug\DebugConsole.obj
         Debug\Doods.obj
         Debug\Graphics.obj
         Debug\Input.obj
         Debug\Main.obj
         Debug\Object.obj
         Debug\Physics.obj
         Debug\Player.obj
         Debug\Point.obj
         Debug\Region.obj
         Debug\Vector.obj
         Debug\Weapon.obj
         Debug\WndProc.obj
     1>SOIL.lib(image_DXT.obj) : warning LNK4099: PDB 'vc100.pdb' was not found with 'SOIL.lib(image_DXT.obj)' or at 'C:\Users\PunkPanda\Dropbox\Game (1)\Debug\vc100.pdb'; linking object as if no debug info
     1>SOIL.lib(image_helper.obj) : warning LNK4099: PDB 'vc100.pdb' was not found with 'SOIL.lib(image_helper.obj)' or at 'C:\Users\PunkPanda\Dropbox\Game (1)\Debug\vc100.pdb'; linking object as if no debug info
     1>SOIL.lib(SOIL.obj) : warning LNK4099: PDB 'vc100.pdb' was not found with 'SOIL.lib(SOIL.obj)' or at 'C:\Users\PunkPanda\Dropbox\Game (1)\Debug\vc100.pdb'; linking object as if no debug info
     1>SOIL.lib(stb_image_aug.obj) : warning LNK4099: PDB 'vc100.pdb' was not found with 'SOIL.lib(stb_image_aug.obj)' or at 'C:\Users\PunkPanda\Dropbox\Game (1)\Debug\vc100.pdb'; linking object as if no debug info
         Game.vcxproj -> C:\Users\PunkPanda\Dropbox\Game (1)\Debug\Game.exe
       Manifest:
         C:\Program Files (x86)\Microsoft SDKs\Windows\v7.0A\bin\mt.exe /nologo /verbose /outputresource:"C:\Users\PunkPanda\Dropbox\Game (1)\Debug\Game.exe;#1" /manifest Debug\Game.exe.intermediate.manifest
       FinalizeBuildStatus:
         Deleting file "Debug\Game.unsuccessfulbuild".
         Touching "Debug\Game.lastbuildstate".
     1>Done Building Project "C:\Users\PunkPanda\Dropbox\Game (1)\Game\Game.vcxproj" (build target(s)).

Build succeeded.

Time Elapsed 00:00:08.71
