C:\Users\Branden Howard\Dropbox\Game (1)\Debug\Game.pdb
C:\USERS\BRANDEN HOWARD\DROPBOX\GAME (1)\GAME\DEBUG\AI.OBJ
C:\USERS\BRANDEN HOWARD\DROPBOX\GAME (1)\GAME\DEBUG\BMP.OBJ
C:\Users\Branden Howard\Dropbox\Game (1)\Game\Debug\cl.command.1.tlog
C:\Users\Branden Howard\Dropbox\Game (1)\Game\Debug\CL.read.1.tlog
C:\Users\Branden Howard\Dropbox\Game (1)\Game\Debug\CL.write.1.tlog
C:\USERS\BRANDEN HOWARD\DROPBOX\GAME (1)\GAME\DEBUG\COLLISION.OBJ
C:\Users\Branden Howard\Dropbox\Game (1)\Game\Debug\DebugConsole.obj
C:\Users\Branden Howard\Dropbox\Game (1)\Game\Debug\Doods.obj
C:\Users\Branden Howard\Dropbox\Game (1)\Game\Debug\Game.exe.intermediate.manifest
C:\Users\Branden Howard\Dropbox\Game (1)\Game\Debug\Game.vcxprojResolveAssemblyReference.cache
C:\Users\Branden Howard\Dropbox\Game (1)\Game\Debug\Game.write.1.tlog
C:\USERS\BRANDEN HOWARD\DROPBOX\GAME (1)\GAME\DEBUG\GRAPHICS.OBJ
C:\USERS\BRANDEN HOWARD\DROPBOX\GAME (1)\GAME\DEBUG\INPUT.OBJ
C:\Users\Branden Howard\Dropbox\Game (1)\Game\Debug\link.216.read.1.tlog
C:\Users\Branden Howard\Dropbox\Game (1)\Game\Debug\link.216.write.1.tlog
C:\Users\Branden Howard\Dropbox\Game (1)\Game\Debug\link.2472.read.1.tlog
C:\Users\Branden Howard\Dropbox\Game (1)\Game\Debug\link.2472.write.1.tlog
C:\Users\Branden Howard\Dropbox\Game (1)\Game\Debug\link.2996.read.1.tlog
C:\Users\Branden Howard\Dropbox\Game (1)\Game\Debug\link.2996.write.1.tlog
C:\Users\Branden Howard\Dropbox\Game (1)\Game\Debug\link.3528.read.1.tlog
C:\Users\Branden Howard\Dropbox\Game (1)\Game\Debug\link.3528.write.1.tlog
C:\Users\Branden Howard\Dropbox\Game (1)\Game\Debug\link.3824.read.1.tlog
C:\Users\Branden Howard\Dropbox\Game (1)\Game\Debug\link.3824.write.1.tlog
C:\Users\Branden Howard\Dropbox\Game (1)\Game\Debug\link.4236.read.1.tlog
C:\Users\Branden Howard\Dropbox\Game (1)\Game\Debug\link.4236.write.1.tlog
C:\Users\Branden Howard\Dropbox\Game (1)\Game\Debug\link.4472.read.1.tlog
C:\Users\Branden Howard\Dropbox\Game (1)\Game\Debug\link.4472.write.1.tlog
C:\Users\Branden Howard\Dropbox\Game (1)\Game\Debug\link.4492.read.1.tlog
C:\Users\Branden Howard\Dropbox\Game (1)\Game\Debug\link.4492.write.1.tlog
C:\Users\Branden Howard\Dropbox\Game (1)\Game\Debug\link.4608.read.1.tlog
C:\Users\Branden Howard\Dropbox\Game (1)\Game\Debug\link.4608.write.1.tlog
C:\Users\Branden Howard\Dropbox\Game (1)\Game\Debug\link.4652.read.1.tlog
C:\Users\Branden Howard\Dropbox\Game (1)\Game\Debug\link.4652.write.1.tlog
C:\Users\Branden Howard\Dropbox\Game (1)\Game\Debug\link.4720.read.1.tlog
C:\Users\Branden Howard\Dropbox\Game (1)\Game\Debug\link.4720.write.1.tlog
C:\Users\Branden Howard\Dropbox\Game (1)\Game\Debug\link.4832.read.1.tlog
C:\Users\Branden Howard\Dropbox\Game (1)\Game\Debug\link.4832.write.1.tlog
C:\Users\Branden Howard\Dropbox\Game (1)\Game\Debug\link.4872.read.1.tlog
C:\Users\Branden Howard\Dropbox\Game (1)\Game\Debug\link.4872.write.1.tlog
C:\Users\Branden Howard\Dropbox\Game (1)\Game\Debug\link.5088.read.1.tlog
C:\Users\Branden Howard\Dropbox\Game (1)\Game\Debug\link.5088.write.1.tlog
C:\Users\Branden Howard\Dropbox\Game (1)\Game\Debug\link.5108.read.1.tlog
C:\Users\Branden Howard\Dropbox\Game (1)\Game\Debug\link.5108.write.1.tlog
C:\Users\Branden Howard\Dropbox\Game (1)\Game\Debug\link.5208.read.1.tlog
C:\Users\Branden Howard\Dropbox\Game (1)\Game\Debug\link.5208.write.1.tlog
C:\Users\Branden Howard\Dropbox\Game (1)\Game\Debug\link.5664.read.1.tlog
C:\Users\Branden Howard\Dropbox\Game (1)\Game\Debug\link.5664.write.1.tlog
C:\Users\Branden Howard\Dropbox\Game (1)\Game\Debug\link.command.1.tlog
C:\Users\Branden Howard\Dropbox\Game (1)\Game\Debug\link.read.1.tlog
C:\Users\Branden Howard\Dropbox\Game (1)\Game\Debug\link.read.2.tlog
C:\Users\Branden Howard\Dropbox\Game (1)\Game\Debug\link.write.1.tlog
C:\USERS\BRANDEN HOWARD\DROPBOX\GAME (1)\GAME\DEBUG\MAIN.OBJ
C:\Users\Branden Howard\Dropbox\Game (1)\Game\Debug\mt.command.1.tlog
C:\Users\Branden Howard\Dropbox\Game (1)\Game\Debug\mt.read.1.tlog
C:\Users\Branden Howard\Dropbox\Game (1)\Game\Debug\mt.write.1.tlog
C:\USERS\BRANDEN HOWARD\DROPBOX\GAME (1)\GAME\DEBUG\OBJECT.OBJ
C:\USERS\BRANDEN HOWARD\DROPBOX\GAME (1)\GAME\DEBUG\PHYSICS.OBJ
C:\USERS\BRANDEN HOWARD\DROPBOX\GAME (1)\GAME\DEBUG\PLAYER.OBJ
C:\USERS\BRANDEN HOWARD\DROPBOX\GAME (1)\GAME\DEBUG\POINT.OBJ
C:\Users\Branden Howard\Dropbox\Game (1)\Game\Debug\Region (Tyler Howard's conflicted copy 2013-12-16).obj
C:\USERS\BRANDEN HOWARD\DROPBOX\GAME (1)\GAME\DEBUG\REGION.OBJ
C:\Users\Branden Howard\Dropbox\Game (1)\Game\Debug\vc100 (Tyler Howard's conflicted copy 2013-12-16).idb
C:\Users\Branden Howard\Dropbox\Game (1)\Game\Debug\vc100 (Tyler Howard's conflicted copy 2013-12-16).pdb
C:\Users\Branden Howard\Dropbox\Game (1)\Game\Debug\vc100.idb
C:\USERS\BRANDEN HOWARD\DROPBOX\GAME (1)\GAME\DEBUG\VC100.PDB
C:\USERS\BRANDEN HOWARD\DROPBOX\GAME (1)\GAME\DEBUG\VECTOR.OBJ
C:\USERS\BRANDEN HOWARD\DROPBOX\GAME (1)\GAME\DEBUG\WEAPON.OBJ
C:\USERS\BRANDEN HOWARD\DROPBOX\GAME (1)\GAME\DEBUG\WNDPROC.OBJ
C:\USERS\CHEVY\DROPBOX\GAME\DEBUG\GAME.EXE
C:\USERS\CHEVY\DROPBOX\GAME\DEBUG\GAME.ILK
C:\USERS\CHEVY\DROPBOX\GAME\DEBUG\GAME.PDB
C:\USERS\CHEVY\DROPBOX\GAME\GAME\DEBUG\AI.OBJ
C:\USERS\CHEVY\DROPBOX\GAME\GAME\DEBUG\BMP.OBJ
C:\USERS\CHEVY\DROPBOX\GAME\GAME\DEBUG\COLLISION.OBJ
C:\USERS\CHEVY\DROPBOX\GAME\GAME\DEBUG\DEBUGCONSOLE.OBJ
C:\USERS\CHEVY\DROPBOX\GAME\GAME\DEBUG\DOODS.OBJ
C:\USERS\CHEVY\DROPBOX\GAME\GAME\DEBUG\GAME.EXE.INTERMEDIATE.MANIFEST
C:\USERS\CHEVY\DROPBOX\GAME\GAME\DEBUG\GRAPHICS.OBJ
C:\USERS\CHEVY\DROPBOX\GAME\GAME\DEBUG\INPUT.OBJ
C:\USERS\CHEVY\DROPBOX\GAME\GAME\DEBUG\MAIN.OBJ
C:\USERS\CHEVY\DROPBOX\GAME\GAME\DEBUG\OBJECT.OBJ
C:\USERS\CHEVY\DROPBOX\GAME\GAME\DEBUG\PHYSICS.OBJ
C:\USERS\CHEVY\DROPBOX\GAME\GAME\DEBUG\PLAYER.OBJ
C:\USERS\CHEVY\DROPBOX\GAME\GAME\DEBUG\POINT.OBJ
C:\USERS\CHEVY\DROPBOX\GAME\GAME\DEBUG\REGION.OBJ
C:\USERS\CHEVY\DROPBOX\GAME\GAME\DEBUG\VC100.PDB
C:\USERS\CHEVY\DROPBOX\GAME\GAME\DEBUG\VECTOR.OBJ
C:\USERS\CHEVY\DROPBOX\GAME\GAME\DEBUG\WEAPON.OBJ
C:\USERS\CHEVY\DROPBOX\GAME\GAME\DEBUG\WNDPROC.OBJ
C:\USERS\PUNKPANDA\DROPBOX\GAME (1)\DEBUG\GAME.EXE
C:\USERS\PUNKPANDA\DROPBOX\GAME (1)\DEBUG\GAME.ILK
C:\USERS\PUNKPANDA\DROPBOX\GAME (1)\DEBUG\GAME.PDB
C:\USERS\PUNKPANDA\DROPBOX\GAME (1)\GAME\DEBUG\AI.OBJ
C:\USERS\PUNKPANDA\DROPBOX\GAME (1)\GAME\DEBUG\BMP.OBJ
C:\USERS\PUNKPANDA\DROPBOX\GAME (1)\GAME\DEBUG\COLLISION.OBJ
C:\USERS\PUNKPANDA\DROPBOX\GAME (1)\GAME\DEBUG\DEBUGCONSOLE.OBJ
C:\USERS\PUNKPANDA\DROPBOX\GAME (1)\GAME\DEBUG\DOODS.OBJ
C:\USERS\PUNKPANDA\DROPBOX\GAME (1)\GAME\DEBUG\GAME.EXE.INTERMEDIATE.MANIFEST
C:\USERS\PUNKPANDA\DROPBOX\GAME (1)\GAME\DEBUG\GRAPHICS.OBJ
C:\USERS\PUNKPANDA\DROPBOX\GAME (1)\GAME\DEBUG\INPUT.OBJ
C:\USERS\PUNKPANDA\DROPBOX\GAME (1)\GAME\DEBUG\MAIN.OBJ
C:\USERS\PUNKPANDA\DROPBOX\GAME (1)\GAME\DEBUG\OBJECT.OBJ
C:\USERS\PUNKPANDA\DROPBOX\GAME (1)\GAME\DEBUG\PHYSICS.OBJ
C:\USERS\PUNKPANDA\DROPBOX\GAME (1)\GAME\DEBUG\PLAYER.OBJ
C:\USERS\PUNKPANDA\DROPBOX\GAME (1)\GAME\DEBUG\POINT.OBJ
C:\USERS\PUNKPANDA\DROPBOX\GAME (1)\GAME\DEBUG\REGION.OBJ
C:\USERS\PUNKPANDA\DROPBOX\GAME (1)\GAME\DEBUG\VC100.PDB
C:\USERS\PUNKPANDA\DROPBOX\GAME (1)\GAME\DEBUG\VECTOR.OBJ
C:\USERS\PUNKPANDA\DROPBOX\GAME (1)\GAME\DEBUG\WEAPON.OBJ
C:\USERS\PUNKPANDA\DROPBOX\GAME (1)\GAME\DEBUG\WNDPROC.OBJ
